<?xml version="1.0" encoding="UTF-8"?>
<!-- Generated by org.testng.reporters.JUnitReportReporter -->
<testsuite hostname="DESKTOP-JK9OU92" failures="2" tests="3" name="runners.SuiteRunner" time="50.890" errors="0" timestamp="2021-09-30T14:53:04 IST" skipped="0">
  <testcase classname="runners.SuiteRunner" name="runScenario" time="11.961">
    <failure message="expected [Selenium Tutorial - Google Search] but found [Selenium Tutorial - Google ]" type="java.lang.AssertionError">
      <![CDATA[java.lang.AssertionError: expected [Selenium Tutorial - Google Search] but found [Selenium Tutorial - Google ]
at org.testng.Assert.fail(Assert.java:99)
at org.testng.Assert.failNotEquals(Assert.java:1037)
at org.testng.Assert.assertEqualsImpl(Assert.java:140)
at org.testng.Assert.assertEquals(Assert.java:122)
at org.testng.Assert.assertEquals(Assert.java:629)
at org.testng.Assert.assertEquals(Assert.java:639)
at stepdefs.GooglePageStepDef.should_display_selenium_result_page(GooglePageStepDef.java:68)
at ✽.Should display Selenium result page(file:///C:/Selenium/workspace/BDDSampleB16/./src/test/resources/features/GooglePageSelenium.feature:7)
]]>
    </failure>
  </testcase> <!-- runScenario -->
  <system-out/>
  <testcase classname="runners.SuiteRunner" name="runScenario" time="11.512">
    <failure message="expected [Cucumber Tutorial - Google Search] but found [Cucumber Tutorial - Google ]" type="java.lang.AssertionError">
      <![CDATA[java.lang.AssertionError: expected [Cucumber Tutorial - Google Search] but found [Cucumber Tutorial - Google ]
at org.testng.Assert.fail(Assert.java:99)
at org.testng.Assert.failNotEquals(Assert.java:1037)
at org.testng.Assert.assertEqualsImpl(Assert.java:140)
at org.testng.Assert.assertEquals(Assert.java:122)
at org.testng.Assert.assertEquals(Assert.java:629)
at org.testng.Assert.assertEquals(Assert.java:639)
at stepdefs.GooglePageStepDef.should_display_cucumber_result_page(GooglePageStepDef.java:56)
at ✽.Should display Cucumber result page(file:///C:/Selenium/workspace/BDDSampleB16/./src/test/resources/features/GooglePage.feature:15)
]]>
    </failure>
  </testcase> <!-- runScenario -->
  <system-out/>
  <testcase classname="runners.SuiteRunner" name="runScenario" time="27.417"/>
  <system-out/>
</testsuite> <!-- runners.SuiteRunner -->
